[2026-05-11T18:48:25+05:45] to=test@example.com key=verify_6a01d39dfbeaef958a6bdf71_1778504605 subject=Welcome to Quiznosis — verify your email

<div style='font-family:Inter,Arial,sans-serif;max-width:560px;margin:0 auto;padding:24px;color:#111'>
  <h2 style='margin:0 0 12px'>Welcome, Test!</h2>
  <p>Thanks for signing up. Please verify your email by clicking the button below.</p>
  <p style='margin:24px 0'>
    <a href='http://localhost/quiznosis/auth/verify?token=bbe86125922ad0017386e83f5442bda8a5db39142373205a7e70e37c2012946d&email=test%40example.com' style='display:inline-block;background:#6d28d9;color:#fff;text-decoration:none;padding:12px 18px;border-radius:8px'>Verify email</a>
  </p>
  <p style='font-size:12px;color:#666'>If the button doesn't work, copy this link: http://localhost/quiznosis/auth/verify?token=bbe86125922ad0017386e83f5442bda8a5db39142373205a7e70e37c2012946d&email=test%40example.com</p>
</div>
---
[2026-05-12T06:58:00+05:45] to=sandipac99@gmail.com key=verify_6a027e9ccc8fae231a377e23_1778548380 subject=Welcome to Quiznosis — verify your email

<div style='font-family:Inter,Arial,sans-serif;max-width:560px;margin:0 auto;padding:24px;color:#111'>
  <h2 style='margin:0 0 12px'>Welcome, Sandip!</h2>
  <p>Thanks for signing up. Please verify your email by clicking the button below.</p>
  <p style='margin:24px 0'>
    <a href='http://localhost/quiznosis/auth/verify?token=8856f93d3c9ca30a45850912cdc68904d574442b84b2960c831272e20624c70b&email=sandipac99%40gmail.com' style='display:inline-block;background:#6d28d9;color:#fff;text-decoration:none;padding:12px 18px;border-radius:8px'>Verify email</a>
  </p>
  <p style='font-size:12px;color:#666'>If the button doesn't work, copy this link: http://localhost/quiznosis/auth/verify?token=8856f93d3c9ca30a45850912cdc68904d574442b84b2960c831272e20624c70b&email=sandipac99%40gmail.com</p>
</div>
---
[2026-05-12T07:03:03+05:45] to=admin@quiznosis.local key=password-reset-3e3a42ad4d3211f1bf5ce4e7-1778548683 subject=🔐 Password reset request — Quiznosis

<div style='font-family:Inter,Arial,sans-serif;max-width:560px;margin:0 auto;padding:24px;color:#111'>
  <h2 style='margin:0 0 12px'>Hi Site,</h2>
  <p>We received a request to reset your password. The link below expires in 1 hour(s).</p>
  <p style='margin:24px 0'>
    <a href='http://localhost/quiznosis/auth/reset?token=b9555eb4cc24e6050b4b9bc031529425&email=admin%40quiznosis.local' style='display:inline-block;background:#6d28d9;color:#fff;text-decoration:none;padding:12px 18px;border-radius:8px'>Reset password</a>
  </p>
  <p style='font-size:12px;color:#666'>If you didn't request this, you can safely ignore this email.</p>
</div>
---
[2026-05-31T18:04:11+05:45] to=mcqexamnepal@gmail.com key=verify_6a1c273ffba47770116d21b9_1780229951 subject=Welcome to Quiznosis — verify your email

<div style='font-family:Inter,Arial,sans-serif;max-width:560px;margin:0 auto;padding:24px;color:#111'>
  <h2 style='margin:0 0 12px'>Welcome, MCQExam!</h2>
  <p>Thanks for signing up. Please verify your email by clicking the button below.</p>
  <p style='margin:24px 0'>
    <a href='http://localhost/quiznosis/auth/verify?token=4889988d5e8bb1f426b5e9f467002ea4619e812c6dc249be891ca6e138bb1c0b&email=mcqexamnepal%40gmail.com' style='display:inline-block;background:#6d28d9;color:#fff;text-decoration:none;padding:12px 18px;border-radius:8px'>Verify email</a>
  </p>
  <p style='font-size:12px;color:#666'>If the button doesn't work, copy this link: http://localhost/quiznosis/auth/verify?token=4889988d5e8bb1f426b5e9f467002ea4619e812c6dc249be891ca6e138bb1c0b&email=mcqexamnepal%40gmail.com</p>
</div>
---
[2026-05-31T18:07:26+05:45] to=mcqexamnepal@gmail.com key=- subject=[Resend] Welcome to Quiznosis — verify your email

<div style='font-family:Inter,Arial,sans-serif;max-width:560px;margin:0 auto;padding:24px;color:#111'>
  <h2 style='margin:0 0 12px'>Welcome, MCQExam!</h2>
  <p>Thanks for signing up. Please verify your email by clicking the button below.</p>
  <p style='margin:24px 0'>
    <a href='http://localhost/quiznosis/auth/verify?token=4889988d5e8bb1f426b5e9f467002ea4619e812c6dc249be891ca6e138bb1c0b&email=mcqexamnepal%40gmail.com' style='display:inline-block;background:#6d28d9;color:#fff;text-decoration:none;padding:12px 18px;border-radius:8px'>Verify email</a>
  </p>
  <p style='font-size:12px;color:#666'>If the button doesn't work, copy this link: http://localhost/quiznosis/auth/verify?token=4889988d5e8bb1f426b5e9f467002ea4619e812c6dc249be891ca6e138bb1c0b&email=mcqexamnepal%40gmail.com</p>
</div>
---
[2026-05-31T18:07:37+05:45] to=mcqexamnepal@gmail.com key=- subject=[Resend] Welcome to Quiznosis — verify your email

<div style='font-family:Inter,Arial,sans-serif;max-width:560px;margin:0 auto;padding:24px;color:#111'>
  <h2 style='margin:0 0 12px'>Welcome, MCQExam!</h2>
  <p>Thanks for signing up. Please verify your email by clicking the button below.</p>
  <p style='margin:24px 0'>
    <a href='http://localhost/quiznosis/auth/verify?token=4889988d5e8bb1f426b5e9f467002ea4619e812c6dc249be891ca6e138bb1c0b&email=mcqexamnepal%40gmail.com' style='display:inline-block;background:#6d28d9;color:#fff;text-decoration:none;padding:12px 18px;border-radius:8px'>Verify email</a>
  </p>
  <p style='font-size:12px;color:#666'>If the button doesn't work, copy this link: http://localhost/quiznosis/auth/verify?token=4889988d5e8bb1f426b5e9f467002ea4619e812c6dc249be891ca6e138bb1c0b&email=mcqexamnepal%40gmail.com</p>
</div>
---
